<?xml version="1.0" encoding="UTF-8"?>
<testsuite xmlns:xsi="http://www.w3.org/2001/XMLSchema-instance" xsi:noNamespaceSchemaLocation="https://maven.apache.org/surefire/maven-surefire-plugin/xsd/surefire-test-report.xsd" name="passway.technology.paaspay.PaaspayApplicationTests" time="17.87" tests="1" errors="0" skipped="0" failures="0">
  <properties>
    <property name="java.specification.version" value="14"/>
    <property name="sun.cpu.isalist" value="amd64"/>
    <property name="sun.jnu.encoding" value="Cp1252"/>
    <property name="java.class.path" value="D:\sprin-boot-files\paaspay\target\test-classes;D:\sprin-boot-files\paaspay\target\classes;C:\Users\USER-PC\.m2\repository\com\africastalking\core\3.4.6\core-3.4.6.jar;C:\Users\USER-PC\.m2\repository\org\apache\commons\commons-csv\1.8\commons-csv-1.8.jar;C:\Users\USER-PC\.m2\repository\org\apache\poi\poi-ooxml\4.1.2\poi-ooxml-4.1.2.jar;C:\Users\USER-PC\.m2\repository\org\apache\poi\poi\4.1.2\poi-4.1.2.jar;C:\Users\USER-PC\.m2\repository\commons-codec\commons-codec\1.15\commons-codec-1.15.jar;C:\Users\USER-PC\.m2\repository\org\apache\commons\commons-collections4\4.4\commons-collections4-4.4.jar;C:\Users\USER-PC\.m2\repository\org\apache\commons\commons-math3\3.6.1\commons-math3-3.6.1.jar;C:\Users\USER-PC\.m2\repository\com\zaxxer\SparseBitSet\1.2\SparseBitSet-1.2.jar;C:\Users\USER-PC\.m2\repository\org\apache\poi\poi-ooxml-schemas\4.1.2\poi-ooxml-schemas-4.1.2.jar;C:\Users\USER-PC\.m2\repository\org\apache\xmlbeans\xmlbeans\3.1.0\xmlbeans-3.1.0.jar;C:\Users\USER-PC\.m2\repository\org\apache\commons\commons-compress\1.19\commons-compress-1.19.jar;C:\Users\USER-PC\.m2\repository\com\github\virtuald\curvesapi\1.06\curvesapi-1.06.jar;C:\Users\USER-PC\.m2\repository\org\javers\javers-spring-boot-starter-mongo\5.13.2\javers-spring-boot-starter-mongo-5.13.2.jar;C:\Users\USER-PC\.m2\repository\org\javers\javers-spring-mongo\5.13.2\javers-spring-mongo-5.13.2.jar;C:\Users\USER-PC\.m2\repository\org\javers\javers-spring\5.13.2\javers-spring-5.13.2.jar;C:\Users\USER-PC\.m2\repository\org\jboss\spec\javax\transaction\jboss-transaction-api_1.2_spec\1.1.1.Final\jboss-transaction-api_1.2_spec-1.1.1.Final.jar;C:\Users\USER-PC\.m2\repository\org\javers\javers-persistence-mongo\5.13.2\javers-persistence-mongo-5.13.2.jar;C:\Users\USER-PC\.m2\repository\org\javers\javers-core\5.13.2\javers-core-5.13.2.jar;C:\Users\USER-PC\.m2\repository\com\google\code\gson\gson\2.8.6\gson-2.8.6.jar;C:\Users\USER-PC\.m2\repository\org\picocontainer\picocontainer\2.15\picocontainer-2.15.jar;C:\Users\USER-PC\.m2\repository\io\github\classgraph\classgraph\4.8.78\classgraph-4.8.78.jar;C:\Users\USER-PC\.m2\repository\com\google\guava\guava\28.2-jre\guava-28.2-jre.jar;C:\Users\USER-PC\.m2\repository\com\google\guava\failureaccess\1.0.1\failureaccess-1.0.1.jar;C:\Users\USER-PC\.m2\repository\com\google\guava\listenablefuture\9999.0-empty-to-avoid-conflict-with-guava\listenablefuture-9999.0-empty-to-avoid-conflict-with-guava.jar;C:\Users\USER-PC\.m2\repository\com\google\code\findbugs\jsr305\3.0.2\jsr305-3.0.2.jar;C:\Users\USER-PC\.m2\repository\org\checkerframework\checker-qual\2.10.0\checker-qual-2.10.0.jar;C:\Users\USER-PC\.m2\repository\com\google\errorprone\error_prone_annotations\2.3.4\error_prone_annotations-2.3.4.jar;C:\Users\USER-PC\.m2\repository\com\google\j2objc\j2objc-annotations\1.3\j2objc-annotations-1.3.jar;C:\Users\USER-PC\.m2\repository\org\mongodb\mongodb-driver-legacy\4.1.1\mongodb-driver-legacy-4.1.1.jar;C:\Users\USER-PC\.m2\repository\org\mongodb\bson\4.1.1\bson-4.1.1.jar;C:\Users\USER-PC\.m2\repository\org\mongodb\mongodb-driver-core\4.1.1\mongodb-driver-core-4.1.1.jar;C:\Users\USER-PC\.m2\repository\org\springframework\boot\spring-boot-configuration-processor\2.4.1\spring-boot-configuration-processor-2.4.1.jar;C:\Users\USER-PC\.m2\repository\org\springframework\boot\spring-boot-starter-data-mongodb\2.4.1\spring-boot-starter-data-mongodb-2.4.1.jar;C:\Users\USER-PC\.m2\repository\org\mongodb\mongodb-driver-sync\4.1.1\mongodb-driver-sync-4.1.1.jar;C:\Users\USER-PC\.m2\repository\org\springframework\data\spring-data-mongodb\3.1.2\spring-data-mongodb-3.1.2.jar;C:\Users\USER-PC\.m2\repository\org\springframework\spring-tx\5.3.2\spring-tx-5.3.2.jar;C:\Users\USER-PC\.m2\repository\org\springframework\spring-context\5.3.2\spring-context-5.3.2.jar;C:\Users\USER-PC\.m2\repository\org\springframework\spring-beans\5.3.2\spring-beans-5.3.2.jar;C:\Users\USER-PC\.m2\repository\org\springframework\spring-expression\5.3.2\spring-expression-5.3.2.jar;C:\Users\USER-PC\.m2\repository\org\springframework\data\spring-data-commons\2.4.2\spring-data-commons-2.4.2.jar;C:\Users\USER-PC\.m2\repository\org\slf4j\slf4j-api\1.7.30\slf4j-api-1.7.30.jar;C:\Users\USER-PC\.m2\repository\org\mongodb\mongo-java-driver\3.12.3\mongo-java-driver-3.12.3.jar;C:\Users\USER-PC\.m2\repository\org\springframework\boot\spring-boot-starter-security\2.4.1\spring-boot-starter-security-2.4.1.jar;C:\Users\USER-PC\.m2\repository\org\springframework\spring-aop\5.3.2\spring-aop-5.3.2.jar;C:\Users\USER-PC\.m2\repository\org\springframework\security\spring-security-config\5.4.2\spring-security-config-5.4.2.jar;C:\Users\USER-PC\.m2\repository\org\springframework\security\spring-security-core\5.4.2\spring-security-core-5.4.2.jar;C:\Users\USER-PC\.m2\repository\org\springframework\security\spring-security-web\5.4.2\spring-security-web-5.4.2.jar;C:\Users\USER-PC\.m2\repository\javax\xml\bind\jaxb-api\2.3.1\jaxb-api-2.3.1.jar;C:\Users\USER-PC\.m2\repository\javax\activation\javax.activation-api\1.2.0\javax.activation-api-1.2.0.jar;C:\Users\USER-PC\.m2\repository\org\glassfish\jaxb\jaxb-runtime\2.3.3\jaxb-runtime-2.3.3.jar;C:\Users\USER-PC\.m2\repository\jakarta\xml\bind\jakarta.xml.bind-api\2.3.3\jakarta.xml.bind-api-2.3.3.jar;C:\Users\USER-PC\.m2\repository\org\glassfish\jaxb\txw2\2.3.3\txw2-2.3.3.jar;C:\Users\USER-PC\.m2\repository\com\sun\istack\istack-commons-runtime\3.0.11\istack-commons-runtime-3.0.11.jar;C:\Users\USER-PC\.m2\repository\com\sun\activation\jakarta.activation\1.2.2\jakarta.activation-1.2.2.jar;C:\Users\USER-PC\.m2\repository\io\jsonwebtoken\jjwt\0.9.1\jjwt-0.9.1.jar;C:\Users\USER-PC\.m2\repository\com\fasterxml\jackson\core\jackson-databind\2.11.3\jackson-databind-2.11.3.jar;C:\Users\USER-PC\.m2\repository\com\fasterxml\jackson\core\jackson-annotations\2.11.3\jackson-annotations-2.11.3.jar;C:\Users\USER-PC\.m2\repository\com\fasterxml\jackson\core\jackson-core\2.11.3\jackson-core-2.11.3.jar;C:\Users\USER-PC\.m2\repository\javax\validation\validation-api\2.0.1.Final\validation-api-2.0.1.Final.jar;C:\Users\USER-PC\.m2\repository\org\apache\tomcat\embed\tomcat-embed-jasper\9.0.41\tomcat-embed-jasper-9.0.41.jar;C:\Users\USER-PC\.m2\repository\org\apache\tomcat\embed\tomcat-embed-core\9.0.41\tomcat-embed-core-9.0.41.jar;C:\Users\USER-PC\.m2\repository\org\apache\tomcat\tomcat-annotations-api\9.0.41\tomcat-annotations-api-9.0.41.jar;C:\Users\USER-PC\.m2\repository\org\apache\tomcat\embed\tomcat-embed-el\9.0.41\tomcat-embed-el-9.0.41.jar;C:\Users\USER-PC\.m2\repository\org\eclipse\jdt\ecj\3.18.0\ecj-3.18.0.jar;C:\Users\USER-PC\.m2\repository\org\springframework\boot\spring-boot-starter-data-jpa\2.4.1\spring-boot-starter-data-jpa-2.4.1.jar;C:\Users\USER-PC\.m2\repository\org\springframework\boot\spring-boot-starter-aop\2.4.1\spring-boot-starter-aop-2.4.1.jar;C:\Users\USER-PC\.m2\repository\org\aspectj\aspectjweaver\1.9.6\aspectjweaver-1.9.6.jar;C:\Users\USER-PC\.m2\repository\org\springframework\boot\spring-boot-starter-jdbc\2.4.1\spring-boot-starter-jdbc-2.4.1.jar;C:\Users\USER-PC\.m2\repository\com\zaxxer\HikariCP\3.4.5\HikariCP-3.4.5.jar;C:\Users\USER-PC\.m2\repository\org\springframework\spring-jdbc\5.3.2\spring-jdbc-5.3.2.jar;C:\Users\USER-PC\.m2\repository\jakarta\transaction\jakarta.transaction-api\1.3.3\jakarta.transaction-api-1.3.3.jar;C:\Users\USER-PC\.m2\repository\jakarta\persistence\jakarta.persistence-api\2.2.3\jakarta.persistence-api-2.2.3.jar;C:\Users\USER-PC\.m2\repository\org\hibernate\hibernate-core\5.4.25.Final\hibernate-core-5.4.25.Final.jar;C:\Users\USER-PC\.m2\repository\org\jboss\logging\jboss-logging\3.4.1.Final\jboss-logging-3.4.1.Final.jar;C:\Users\USER-PC\.m2\repository\org\javassist\javassist\3.27.0-GA\javassist-3.27.0-GA.jar;C:\Users\USER-PC\.m2\repository\net\bytebuddy\byte-buddy\1.10.18\byte-buddy-1.10.18.jar;C:\Users\USER-PC\.m2\repository\antlr\antlr\2.7.7\antlr-2.7.7.jar;C:\Users\USER-PC\.m2\repository\org\jboss\jandex\2.1.3.Final\jandex-2.1.3.Final.jar;C:\Users\USER-PC\.m2\repository\com\fasterxml\classmate\1.5.1\classmate-1.5.1.jar;C:\Users\USER-PC\.m2\repository\org\dom4j\dom4j\2.1.3\dom4j-2.1.3.jar;C:\Users\USER-PC\.m2\repository\org\hibernate\common\hibernate-commons-annotations\5.1.2.Final\hibernate-commons-annotations-5.1.2.Final.jar;C:\Users\USER-PC\.m2\repository\org\springframework\data\spring-data-jpa\2.4.2\spring-data-jpa-2.4.2.jar;C:\Users\USER-PC\.m2\repository\org\springframework\spring-orm\5.3.2\spring-orm-5.3.2.jar;C:\Users\USER-PC\.m2\repository\org\springframework\spring-aspects\5.3.2\spring-aspects-5.3.2.jar;C:\Users\USER-PC\.m2\repository\mysql\mysql-connector-java\8.0.22\mysql-connector-java-8.0.22.jar;C:\Users\USER-PC\.m2\repository\com\h2database\h2\1.4.200\h2-1.4.200.jar;C:\Users\USER-PC\.m2\repository\org\springframework\boot\spring-boot-starter-data-jdbc\2.4.1\spring-boot-starter-data-jdbc-2.4.1.jar;C:\Users\USER-PC\.m2\repository\org\springframework\data\spring-data-jdbc\2.1.2\spring-data-jdbc-2.1.2.jar;C:\Users\USER-PC\.m2\repository\org\springframework\data\spring-data-relational\2.1.2\spring-data-relational-2.1.2.jar;C:\Users\USER-PC\.m2\repository\org\springframework\boot\spring-boot-starter-web\2.4.1\spring-boot-starter-web-2.4.1.jar;C:\Users\USER-PC\.m2\repository\org\springframework\boot\spring-boot-starter-json\2.4.1\spring-boot-starter-json-2.4.1.jar;C:\Users\USER-PC\.m2\repository\com\fasterxml\jackson\datatype\jackson-datatype-jdk8\2.11.3\jackson-datatype-jdk8-2.11.3.jar;C:\Users\USER-PC\.m2\repository\com\fasterxml\jackson\datatype\jackson-datatype-jsr310\2.11.3\jackson-datatype-jsr310-2.11.3.jar;C:\Users\USER-PC\.m2\repository\com\fasterxml\jackson\module\jackson-module-parameter-names\2.11.3\jackson-module-parameter-names-2.11.3.jar;C:\Users\USER-PC\.m2\repository\org\springframework\boot\spring-boot-starter-tomcat\2.4.1\spring-boot-starter-tomcat-2.4.1.jar;C:\Users\USER-PC\.m2\repository\org\glassfish\jakarta.el\3.0.3\jakarta.el-3.0.3.jar;C:\Users\USER-PC\.m2\repository\org\apache\tomcat\embed\tomcat-embed-websocket\9.0.41\tomcat-embed-websocket-9.0.41.jar;C:\Users\USER-PC\.m2\repository\org\springframework\spring-web\5.3.2\spring-web-5.3.2.jar;C:\Users\USER-PC\.m2\repository\org\springframework\spring-webmvc\5.3.2\spring-webmvc-5.3.2.jar;C:\Users\USER-PC\.m2\repository\org\springframework\boot\spring-boot-starter\2.4.1\spring-boot-starter-2.4.1.jar;C:\Users\USER-PC\.m2\repository\org\springframework\boot\spring-boot\2.4.1\spring-boot-2.4.1.jar;C:\Users\USER-PC\.m2\repository\org\springframework\boot\spring-boot-autoconfigure\2.4.1\spring-boot-autoconfigure-2.4.1.jar;C:\Users\USER-PC\.m2\repository\org\springframework\boot\spring-boot-starter-logging\2.4.1\spring-boot-starter-logging-2.4.1.jar;C:\Users\USER-PC\.m2\repository\ch\qos\logback\logback-classic\1.2.3\logback-classic-1.2.3.jar;C:\Users\USER-PC\.m2\repository\ch\qos\logback\logback-core\1.2.3\logback-core-1.2.3.jar;C:\Users\USER-PC\.m2\repository\org\apache\logging\log4j\log4j-to-slf4j\2.13.3\log4j-to-slf4j-2.13.3.jar;C:\Users\USER-PC\.m2\repository\org\apache\logging\log4j\log4j-api\2.13.3\log4j-api-2.13.3.jar;C:\Users\USER-PC\.m2\repository\org\slf4j\jul-to-slf4j\1.7.30\jul-to-slf4j-1.7.30.jar;C:\Users\USER-PC\.m2\repository\jakarta\annotation\jakarta.annotation-api\1.3.5\jakarta.annotation-api-1.3.5.jar;C:\Users\USER-PC\.m2\repository\org\springframework\spring-core\5.3.2\spring-core-5.3.2.jar;C:\Users\USER-PC\.m2\repository\org\springframework\spring-jcl\5.3.2\spring-jcl-5.3.2.jar;C:\Users\USER-PC\.m2\repository\org\yaml\snakeyaml\1.27\snakeyaml-1.27.jar;C:\Users\USER-PC\.m2\repository\org\springframework\boot\spring-boot-starter-test\2.4.1\spring-boot-starter-test-2.4.1.jar;C:\Users\USER-PC\.m2\repository\org\springframework\boot\spring-boot-test\2.4.1\spring-boot-test-2.4.1.jar;C:\Users\USER-PC\.m2\repository\org\springframework\boot\spring-boot-test-autoconfigure\2.4.1\spring-boot-test-autoconfigure-2.4.1.jar;C:\Users\USER-PC\.m2\repository\com\jayway\jsonpath\json-path\2.4.0\json-path-2.4.0.jar;C:\Users\USER-PC\.m2\repository\net\minidev\json-smart\2.3\json-smart-2.3.jar;C:\Users\USER-PC\.m2\repository\net\minidev\accessors-smart\1.2\accessors-smart-1.2.jar;C:\Users\USER-PC\.m2\repository\org\ow2\asm\asm\5.0.4\asm-5.0.4.jar;C:\Users\USER-PC\.m2\repository\org\assertj\assertj-core\3.18.1\assertj-core-3.18.1.jar;C:\Users\USER-PC\.m2\repository\org\hamcrest\hamcrest\2.2\hamcrest-2.2.jar;C:\Users\USER-PC\.m2\repository\org\junit\jupiter\junit-jupiter\5.7.0\junit-jupiter-5.7.0.jar;C:\Users\USER-PC\.m2\repository\org\junit\jupiter\junit-jupiter-api\5.7.0\junit-jupiter-api-5.7.0.jar;C:\Users\USER-PC\.m2\repository\org\apiguardian\apiguardian-api\1.1.0\apiguardian-api-1.1.0.jar;C:\Users\USER-PC\.m2\repository\org\opentest4j\opentest4j\1.2.0\opentest4j-1.2.0.jar;C:\Users\USER-PC\.m2\repository\org\junit\platform\junit-platform-commons\1.7.0\junit-platform-commons-1.7.0.jar;C:\Users\USER-PC\.m2\repository\org\junit\jupiter\junit-jupiter-params\5.7.0\junit-jupiter-params-5.7.0.jar;C:\Users\USER-PC\.m2\repository\org\junit\jupiter\junit-jupiter-engine\5.7.0\junit-jupiter-engine-5.7.0.jar;C:\Users\USER-PC\.m2\repository\org\junit\platform\junit-platform-engine\1.7.0\junit-platform-engine-1.7.0.jar;C:\Users\USER-PC\.m2\repository\org\mockito\mockito-core\3.6.28\mockito-core-3.6.28.jar;C:\Users\USER-PC\.m2\repository\net\bytebuddy\byte-buddy-agent\1.10.18\byte-buddy-agent-1.10.18.jar;C:\Users\USER-PC\.m2\repository\org\objenesis\objenesis\3.1\objenesis-3.1.jar;C:\Users\USER-PC\.m2\repository\org\mockito\mockito-junit-jupiter\3.6.28\mockito-junit-jupiter-3.6.28.jar;C:\Users\USER-PC\.m2\repository\org\skyscreamer\jsonassert\1.5.0\jsonassert-1.5.0.jar;C:\Users\USER-PC\.m2\repository\com\vaadin\external\google\android-json\0.0.20131108.vaadin1\android-json-0.0.20131108.vaadin1.jar;C:\Users\USER-PC\.m2\repository\org\springframework\spring-test\5.3.2\spring-test-5.3.2.jar;C:\Users\USER-PC\.m2\repository\org\xmlunit\xmlunit-core\2.7.0\xmlunit-core-2.7.0.jar;"/>
    <property name="java.vm.vendor" value="Oracle Corporation"/>
    <property name="sun.arch.data.model" value="64"/>
    <property name="user.variant" value=""/>
    <property name="java.vendor.url" value="https://java.oracle.com/"/>
    <property name="user.timezone" value="Africa/Nairobi"/>
    <property name="os.name" value="Windows 10"/>
    <property name="java.vm.specification.version" value="14"/>
    <property name="sun.java.launcher" value="SUN_STANDARD"/>
    <property name="user.country" value="US"/>
    <property name="sun.boot.library.path" value="D:\springboot\sts-4.8.0.RELEASE\plugins\org.eclipse.justj.openjdk.hotspot.jre.full.win32.x86_64_14.0.2.v20200815-0932\jre\bin"/>
    <property name="sun.java.command" value="C:\Users\USER-PC\AppData\Local\Temp\surefire4741298321360826274\surefirebooter3469832657387471746.jar C:\Users\USER-PC\AppData\Local\Temp\surefire4741298321360826274 2021-02-16T13-56-12_757-jvmRun1 surefire16063429937005662860tmp surefire_07657647378915937168tmp"/>
    <property name="jdk.debug" value="release"/>
    <property name="surefire.test.class.path" value="D:\sprin-boot-files\paaspay\target\test-classes;D:\sprin-boot-files\paaspay\target\classes;C:\Users\USER-PC\.m2\repository\com\africastalking\core\3.4.6\core-3.4.6.jar;C:\Users\USER-PC\.m2\repository\org\apache\commons\commons-csv\1.8\commons-csv-1.8.jar;C:\Users\USER-PC\.m2\repository\org\apache\poi\poi-ooxml\4.1.2\poi-ooxml-4.1.2.jar;C:\Users\USER-PC\.m2\repository\org\apache\poi\poi\4.1.2\poi-4.1.2.jar;C:\Users\USER-PC\.m2\repository\commons-codec\commons-codec\1.15\commons-codec-1.15.jar;C:\Users\USER-PC\.m2\repository\org\apache\commons\commons-collections4\4.4\commons-collections4-4.4.jar;C:\Users\USER-PC\.m2\repository\org\apache\commons\commons-math3\3.6.1\commons-math3-3.6.1.jar;C:\Users\USER-PC\.m2\repository\com\zaxxer\SparseBitSet\1.2\SparseBitSet-1.2.jar;C:\Users\USER-PC\.m2\repository\org\apache\poi\poi-ooxml-schemas\4.1.2\poi-ooxml-schemas-4.1.2.jar;C:\Users\USER-PC\.m2\repository\org\apache\xmlbeans\xmlbeans\3.1.0\xmlbeans-3.1.0.jar;C:\Users\USER-PC\.m2\repository\org\apache\commons\commons-compress\1.19\commons-compress-1.19.jar;C:\Users\USER-PC\.m2\repository\com\github\virtuald\curvesapi\1.06\curvesapi-1.06.jar;C:\Users\USER-PC\.m2\repository\org\javers\javers-spring-boot-starter-mongo\5.13.2\javers-spring-boot-starter-mongo-5.13.2.jar;C:\Users\USER-PC\.m2\repository\org\javers\javers-spring-mongo\5.13.2\javers-spring-mongo-5.13.2.jar;C:\Users\USER-PC\.m2\repository\org\javers\javers-spring\5.13.2\javers-spring-5.13.2.jar;C:\Users\USER-PC\.m2\repository\org\jboss\spec\javax\transaction\jboss-transaction-api_1.2_spec\1.1.1.Final\jboss-transaction-api_1.2_spec-1.1.1.Final.jar;C:\Users\USER-PC\.m2\repository\org\javers\javers-persistence-mongo\5.13.2\javers-persistence-mongo-5.13.2.jar;C:\Users\USER-PC\.m2\repository\org\javers\javers-core\5.13.2\javers-core-5.13.2.jar;C:\Users\USER-PC\.m2\repository\com\google\code\gson\gson\2.8.6\gson-2.8.6.jar;C:\Users\USER-PC\.m2\repository\org\picocontainer\picocontainer\2.15\picocontainer-2.15.jar;C:\Users\USER-PC\.m2\repository\io\github\classgraph\classgraph\4.8.78\classgraph-4.8.78.jar;C:\Users\USER-PC\.m2\repository\com\google\guava\guava\28.2-jre\guava-28.2-jre.jar;C:\Users\USER-PC\.m2\repository\com\google\guava\failureaccess\1.0.1\failureaccess-1.0.1.jar;C:\Users\USER-PC\.m2\repository\com\google\guava\listenablefuture\9999.0-empty-to-avoid-conflict-with-guava\listenablefuture-9999.0-empty-to-avoid-conflict-with-guava.jar;C:\Users\USER-PC\.m2\repository\com\google\code\findbugs\jsr305\3.0.2\jsr305-3.0.2.jar;C:\Users\USER-PC\.m2\repository\org\checkerframework\checker-qual\2.10.0\checker-qual-2.10.0.jar;C:\Users\USER-PC\.m2\repository\com\google\errorprone\error_prone_annotations\2.3.4\error_prone_annotations-2.3.4.jar;C:\Users\USER-PC\.m2\repository\com\google\j2objc\j2objc-annotations\1.3\j2objc-annotations-1.3.jar;C:\Users\USER-PC\.m2\repository\org\mongodb\mongodb-driver-legacy\4.1.1\mongodb-driver-legacy-4.1.1.jar;C:\Users\USER-PC\.m2\repository\org\mongodb\bson\4.1.1\bson-4.1.1.jar;C:\Users\USER-PC\.m2\repository\org\mongodb\mongodb-driver-core\4.1.1\mongodb-driver-core-4.1.1.jar;C:\Users\USER-PC\.m2\repository\org\springframework\boot\spring-boot-configuration-processor\2.4.1\spring-boot-configuration-processor-2.4.1.jar;C:\Users\USER-PC\.m2\repository\org\springframework\boot\spring-boot-starter-data-mongodb\2.4.1\spring-boot-starter-data-mongodb-2.4.1.jar;C:\Users\USER-PC\.m2\repository\org\mongodb\mongodb-driver-sync\4.1.1\mongodb-driver-sync-4.1.1.jar;C:\Users\USER-PC\.m2\repository\org\springframework\data\spring-data-mongodb\3.1.2\spring-data-mongodb-3.1.2.jar;C:\Users\USER-PC\.m2\repository\org\springframework\spring-tx\5.3.2\spring-tx-5.3.2.jar;C:\Users\USER-PC\.m2\repository\org\springframework\spring-context\5.3.2\spring-context-5.3.2.jar;C:\Users\USER-PC\.m2\repository\org\springframework\spring-beans\5.3.2\spring-beans-5.3.2.jar;C:\Users\USER-PC\.m2\repository\org\springframework\spring-expression\5.3.2\spring-expression-5.3.2.jar;C:\Users\USER-PC\.m2\repository\org\springframework\data\spring-data-commons\2.4.2\spring-data-commons-2.4.2.jar;C:\Users\USER-PC\.m2\repository\org\slf4j\slf4j-api\1.7.30\slf4j-api-1.7.30.jar;C:\Users\USER-PC\.m2\repository\org\mongodb\mongo-java-driver\3.12.3\mongo-java-driver-3.12.3.jar;C:\Users\USER-PC\.m2\repository\org\springframework\boot\spring-boot-starter-security\2.4.1\spring-boot-starter-security-2.4.1.jar;C:\Users\USER-PC\.m2\repository\org\springframework\spring-aop\5.3.2\spring-aop-5.3.2.jar;C:\Users\USER-PC\.m2\repository\org\springframework\security\spring-security-config\5.4.2\spring-security-config-5.4.2.jar;C:\Users\USER-PC\.m2\repository\org\springframework\security\spring-security-core\5.4.2\spring-security-core-5.4.2.jar;C:\Users\USER-PC\.m2\repository\org\springframework\security\spring-security-web\5.4.2\spring-security-web-5.4.2.jar;C:\Users\USER-PC\.m2\repository\javax\xml\bind\jaxb-api\2.3.1\jaxb-api-2.3.1.jar;C:\Users\USER-PC\.m2\repository\javax\activation\javax.activation-api\1.2.0\javax.activation-api-1.2.0.jar;C:\Users\USER-PC\.m2\repository\org\glassfish\jaxb\jaxb-runtime\2.3.3\jaxb-runtime-2.3.3.jar;C:\Users\USER-PC\.m2\repository\jakarta\xml\bind\jakarta.xml.bind-api\2.3.3\jakarta.xml.bind-api-2.3.3.jar;C:\Users\USER-PC\.m2\repository\org\glassfish\jaxb\txw2\2.3.3\txw2-2.3.3.jar;C:\Users\USER-PC\.m2\repository\com\sun\istack\istack-commons-runtime\3.0.11\istack-commons-runtime-3.0.11.jar;C:\Users\USER-PC\.m2\repository\com\sun\activation\jakarta.activation\1.2.2\jakarta.activation-1.2.2.jar;C:\Users\USER-PC\.m2\repository\io\jsonwebtoken\jjwt\0.9.1\jjwt-0.9.1.jar;C:\Users\USER-PC\.m2\repository\com\fasterxml\jackson\core\jackson-databind\2.11.3\jackson-databind-2.11.3.jar;C:\Users\USER-PC\.m2\repository\com\fasterxml\jackson\core\jackson-annotations\2.11.3\jackson-annotations-2.11.3.jar;C:\Users\USER-PC\.m2\repository\com\fasterxml\jackson\core\jackson-core\2.11.3\jackson-core-2.11.3.jar;C:\Users\USER-PC\.m2\repository\javax\validation\validation-api\2.0.1.Final\validation-api-2.0.1.Final.jar;C:\Users\USER-PC\.m2\repository\org\apache\tomcat\embed\tomcat-embed-jasper\9.0.41\tomcat-embed-jasper-9.0.41.jar;C:\Users\USER-PC\.m2\repository\org\apache\tomcat\embed\tomcat-embed-core\9.0.41\tomcat-embed-core-9.0.41.jar;C:\Users\USER-PC\.m2\repository\org\apache\tomcat\tomcat-annotations-api\9.0.41\tomcat-annotations-api-9.0.41.jar;C:\Users\USER-PC\.m2\repository\org\apache\tomcat\embed\tomcat-embed-el\9.0.41\tomcat-embed-el-9.0.41.jar;C:\Users\USER-PC\.m2\repository\org\eclipse\jdt\ecj\3.18.0\ecj-3.18.0.jar;C:\Users\USER-PC\.m2\repository\org\springframework\boot\spring-boot-starter-data-jpa\2.4.1\spring-boot-starter-data-jpa-2.4.1.jar;C:\Users\USER-PC\.m2\repository\org\springframework\boot\spring-boot-starter-aop\2.4.1\spring-boot-starter-aop-2.4.1.jar;C:\Users\USER-PC\.m2\repository\org\aspectj\aspectjweaver\1.9.6\aspectjweaver-1.9.6.jar;C:\Users\USER-PC\.m2\repository\org\springframework\boot\spring-boot-starter-jdbc\2.4.1\spring-boot-starter-jdbc-2.4.1.jar;C:\Users\USER-PC\.m2\repository\com\zaxxer\HikariCP\3.4.5\HikariCP-3.4.5.jar;C:\Users\USER-PC\.m2\repository\org\springframework\spring-jdbc\5.3.2\spring-jdbc-5.3.2.jar;C:\Users\USER-PC\.m2\repository\jakarta\transaction\jakarta.transaction-api\1.3.3\jakarta.transaction-api-1.3.3.jar;C:\Users\USER-PC\.m2\repository\jakarta\persistence\jakarta.persistence-api\2.2.3\jakarta.persistence-api-2.2.3.jar;C:\Users\USER-PC\.m2\repository\org\hibernate\hibernate-core\5.4.25.Final\hibernate-core-5.4.25.Final.jar;C:\Users\USER-PC\.m2\repository\org\jboss\logging\jboss-logging\3.4.1.Final\jboss-logging-3.4.1.Final.jar;C:\Users\USER-PC\.m2\repository\org\javassist\javassist\3.27.0-GA\javassist-3.27.0-GA.jar;C:\Users\USER-PC\.m2\repository\net\bytebuddy\byte-buddy\1.10.18\byte-buddy-1.10.18.jar;C:\Users\USER-PC\.m2\repository\antlr\antlr\2.7.7\antlr-2.7.7.jar;C:\Users\USER-PC\.m2\repository\org\jboss\jandex\2.1.3.Final\jandex-2.1.3.Final.jar;C:\Users\USER-PC\.m2\repository\com\fasterxml\classmate\1.5.1\classmate-1.5.1.jar;C:\Users\USER-PC\.m2\repository\org\dom4j\dom4j\2.1.3\dom4j-2.1.3.jar;C:\Users\USER-PC\.m2\repository\org\hibernate\common\hibernate-commons-annotations\5.1.2.Final\hibernate-commons-annotations-5.1.2.Final.jar;C:\Users\USER-PC\.m2\repository\org\springframework\data\spring-data-jpa\2.4.2\spring-data-jpa-2.4.2.jar;C:\Users\USER-PC\.m2\repository\org\springframework\spring-orm\5.3.2\spring-orm-5.3.2.jar;C:\Users\USER-PC\.m2\repository\org\springframework\spring-aspects\5.3.2\spring-aspects-5.3.2.jar;C:\Users\USER-PC\.m2\repository\mysql\mysql-connector-java\8.0.22\mysql-connector-java-8.0.22.jar;C:\Users\USER-PC\.m2\repository\com\h2database\h2\1.4.200\h2-1.4.200.jar;C:\Users\USER-PC\.m2\repository\org\springframework\boot\spring-boot-starter-data-jdbc\2.4.1\spring-boot-starter-data-jdbc-2.4.1.jar;C:\Users\USER-PC\.m2\repository\org\springframework\data\spring-data-jdbc\2.1.2\spring-data-jdbc-2.1.2.jar;C:\Users\USER-PC\.m2\repository\org\springframework\data\spring-data-relational\2.1.2\spring-data-relational-2.1.2.jar;C:\Users\USER-PC\.m2\repository\org\springframework\boot\spring-boot-starter-web\2.4.1\spring-boot-starter-web-2.4.1.jar;C:\Users\USER-PC\.m2\repository\org\springframework\boot\spring-boot-starter-json\2.4.1\spring-boot-starter-json-2.4.1.jar;C:\Users\USER-PC\.m2\repository\com\fasterxml\jackson\datatype\jackson-datatype-jdk8\2.11.3\jackson-datatype-jdk8-2.11.3.jar;C:\Users\USER-PC\.m2\repository\com\fasterxml\jackson\datatype\jackson-datatype-jsr310\2.11.3\jackson-datatype-jsr310-2.11.3.jar;C:\Users\USER-PC\.m2\repository\com\fasterxml\jackson\module\jackson-module-parameter-names\2.11.3\jackson-module-parameter-names-2.11.3.jar;C:\Users\USER-PC\.m2\repository\org\springframework\boot\spring-boot-starter-tomcat\2.4.1\spring-boot-starter-tomcat-2.4.1.jar;C:\Users\USER-PC\.m2\repository\org\glassfish\jakarta.el\3.0.3\jakarta.el-3.0.3.jar;C:\Users\USER-PC\.m2\repository\org\apache\tomcat\embed\tomcat-embed-websocket\9.0.41\tomcat-embed-websocket-9.0.41.jar;C:\Users\USER-PC\.m2\repository\org\springframework\spring-web\5.3.2\spring-web-5.3.2.jar;C:\Users\USER-PC\.m2\repository\org\springframework\spring-webmvc\5.3.2\spring-webmvc-5.3.2.jar;C:\Users\USER-PC\.m2\repository\org\springframework\boot\spring-boot-starter\2.4.1\spring-boot-starter-2.4.1.jar;C:\Users\USER-PC\.m2\repository\org\springframework\boot\spring-boot\2.4.1\spring-boot-2.4.1.jar;C:\Users\USER-PC\.m2\repository\org\springframework\boot\spring-boot-autoconfigure\2.4.1\spring-boot-autoconfigure-2.4.1.jar;C:\Users\USER-PC\.m2\repository\org\springframework\boot\spring-boot-starter-logging\2.4.1\spring-boot-starter-logging-2.4.1.jar;C:\Users\USER-PC\.m2\repository\ch\qos\logback\logback-classic\1.2.3\logback-classic-1.2.3.jar;C:\Users\USER-PC\.m2\repository\ch\qos\logback\logback-core\1.2.3\logback-core-1.2.3.jar;C:\Users\USER-PC\.m2\repository\org\apache\logging\log4j\log4j-to-slf4j\2.13.3\log4j-to-slf4j-2.13.3.jar;C:\Users\USER-PC\.m2\repository\org\apache\logging\log4j\log4j-api\2.13.3\log4j-api-2.13.3.jar;C:\Users\USER-PC\.m2\repository\org\slf4j\jul-to-slf4j\1.7.30\jul-to-slf4j-1.7.30.jar;C:\Users\USER-PC\.m2\repository\jakarta\annotation\jakarta.annotation-api\1.3.5\jakarta.annotation-api-1.3.5.jar;C:\Users\USER-PC\.m2\repository\org\springframework\spring-core\5.3.2\spring-core-5.3.2.jar;C:\Users\USER-PC\.m2\repository\org\springframework\spring-jcl\5.3.2\spring-jcl-5.3.2.jar;C:\Users\USER-PC\.m2\repository\org\yaml\snakeyaml\1.27\snakeyaml-1.27.jar;C:\Users\USER-PC\.m2\repository\org\springframework\boot\spring-boot-starter-test\2.4.1\spring-boot-starter-test-2.4.1.jar;C:\Users\USER-PC\.m2\repository\org\springframework\boot\spring-boot-test\2.4.1\spring-boot-test-2.4.1.jar;C:\Users\USER-PC\.m2\repository\org\springframework\boot\spring-boot-test-autoconfigure\2.4.1\spring-boot-test-autoconfigure-2.4.1.jar;C:\Users\USER-PC\.m2\repository\com\jayway\jsonpath\json-path\2.4.0\json-path-2.4.0.jar;C:\Users\USER-PC\.m2\repository\net\minidev\json-smart\2.3\json-smart-2.3.jar;C:\Users\USER-PC\.m2\repository\net\minidev\accessors-smart\1.2\accessors-smart-1.2.jar;C:\Users\USER-PC\.m2\repository\org\ow2\asm\asm\5.0.4\asm-5.0.4.jar;C:\Users\USER-PC\.m2\repository\org\assertj\assertj-core\3.18.1\assertj-core-3.18.1.jar;C:\Users\USER-PC\.m2\repository\org\hamcrest\hamcrest\2.2\hamcrest-2.2.jar;C:\Users\USER-PC\.m2\repository\org\junit\jupiter\junit-jupiter\5.7.0\junit-jupiter-5.7.0.jar;C:\Users\USER-PC\.m2\repository\org\junit\jupiter\junit-jupiter-api\5.7.0\junit-jupiter-api-5.7.0.jar;C:\Users\USER-PC\.m2\repository\org\apiguardian\apiguardian-api\1.1.0\apiguardian-api-1.1.0.jar;C:\Users\USER-PC\.m2\repository\org\opentest4j\opentest4j\1.2.0\opentest4j-1.2.0.jar;C:\Users\USER-PC\.m2\repository\org\junit\platform\junit-platform-commons\1.7.0\junit-platform-commons-1.7.0.jar;C:\Users\USER-PC\.m2\repository\org\junit\jupiter\junit-jupiter-params\5.7.0\junit-jupiter-params-5.7.0.jar;C:\Users\USER-PC\.m2\repository\org\junit\jupiter\junit-jupiter-engine\5.7.0\junit-jupiter-engine-5.7.0.jar;C:\Users\USER-PC\.m2\repository\org\junit\platform\junit-platform-engine\1.7.0\junit-platform-engine-1.7.0.jar;C:\Users\USER-PC\.m2\repository\org\mockito\mockito-core\3.6.28\mockito-core-3.6.28.jar;C:\Users\USER-PC\.m2\repository\net\bytebuddy\byte-buddy-agent\1.10.18\byte-buddy-agent-1.10.18.jar;C:\Users\USER-PC\.m2\repository\org\objenesis\objenesis\3.1\objenesis-3.1.jar;C:\Users\USER-PC\.m2\repository\org\mockito\mockito-junit-jupiter\3.6.28\mockito-junit-jupiter-3.6.28.jar;C:\Users\USER-PC\.m2\repository\org\skyscreamer\jsonassert\1.5.0\jsonassert-1.5.0.jar;C:\Users\USER-PC\.m2\repository\com\vaadin\external\google\android-json\0.0.20131108.vaadin1\android-json-0.0.20131108.vaadin1.jar;C:\Users\USER-PC\.m2\repository\org\springframework\spring-test\5.3.2\spring-test-5.3.2.jar;C:\Users\USER-PC\.m2\repository\org\xmlunit\xmlunit-core\2.7.0\xmlunit-core-2.7.0.jar;"/>
    <property name="sun.cpu.endian" value="little"/>
    <property name="user.home" value="C:\Users\USER-PC"/>
    <property name="user.language" value="en"/>
    <property name="java.specification.vendor" value="Oracle Corporation"/>
    <property name="java.version.date" value="2020-07-14"/>
    <property name="java.home" value="D:\springboot\sts-4.8.0.RELEASE\plugins\org.eclipse.justj.openjdk.hotspot.jre.full.win32.x86_64_14.0.2.v20200815-0932\jre"/>
    <property name="file.separator" value="\"/>
    <property name="style.color" value="always"/>
    <property name="basedir" value="D:\sprin-boot-files\paaspay"/>
    <property name="java.vm.compressedOopsMode" value="32-bit"/>
    <property name="line.separator" value="&#10;"/>
    <property name="java.vm.specification.vendor" value="Oracle Corporation"/>
    <property name="java.specification.name" value="Java Platform API Specification"/>
    <property name="surefire.real.class.path" value="C:\Users\USER-PC\AppData\Local\Temp\surefire4741298321360826274\surefirebooter3469832657387471746.jar"/>
    <property name="user.script" value=""/>
    <property name="sun.management.compiler" value="HotSpot 64-Bit Tiered Compilers"/>
    <property name="java.runtime.version" value="14.0.2+12-46"/>
    <property name="user.name" value="USER-PC"/>
    <property name="path.separator" value=";"/>
    <property name="os.version" value="10.0"/>
    <property name="java.runtime.name" value="OpenJDK Runtime Environment"/>
    <property name="file.encoding" value="Cp1252"/>
    <property name="java.vm.name" value="OpenJDK 64-Bit Server VM"/>
    <property name="localRepository" value="C:\Users\USER-PC\.m2\repository"/>
    <property name="java.vendor.url.bug" value="https://bugreport.java.com/bugreport/"/>
    <property name="java.io.tmpdir" value="C:\Users\USER-PC\AppData\Local\Temp\"/>
    <property name="java.version" value="14.0.2"/>
    <property name="user.dir" value="D:\sprin-boot-files\paaspay"/>
    <property name="os.arch" value="amd64"/>
    <property name="java.vm.specification.name" value="Java Virtual Machine Specification"/>
    <property name="sun.os.patch.level" value=""/>
    <property name="java.library.path" value="D:\springboot\sts-4.8.0.RELEASE\plugins\org.eclipse.justj.openjdk.hotspot.jre.full.win32.x86_64_14.0.2.v20200815-0932\jre\bin;C:\WINDOWS\Sun\Java\bin;C:\WINDOWS\system32;C:\WINDOWS;D:/springboot/sts-4.8.0.RELEASE//plugins/org.eclipse.justj.openjdk.hotspot.jre.full.win32.x86_64_14.0.2.v20200815-0932/jre/bin/server;D:/springboot/sts-4.8.0.RELEASE//plugins/org.eclipse.justj.openjdk.hotspot.jre.full.win32.x86_64_14.0.2.v20200815-0932/jre/bin;C:\Program Files (x86)\SemanticDesigns\DMS\Executables;C:\Program Files (x86)\SemanticDesigns\DMS\Domains\Parlanse\Tools\RunTimeSystem;C:\WINDOWS\system32;C:\WINDOWS;C:\WINDOWS\System32\Wbem;C:\WINDOWS\System32\WindowsPowerShell\v1.0\;C:\xampp\php;C:\composer;C:\Program Files (x86)\Git\cmd;C:\Program Files\nodejs\;C:\WINDOWS\System32\OpenSSH\;C:\Program Files (x86)\Microsoft VS Code\bin;C:\Program Files\PuTTY\;C:\Program Files (x86)\EShare\;C:\Program Files\java\java-1.8.0\bin;C:\Program Files\MySQL\MySQL Shell 8.0\bin\;C:\Users\USER-PC\.cargo\bin;C:\Program Files (x86)\Microsoft VS Code\bin;C:\Users\USER-PC\AppData\Roaming\Composer\vendor\bin;C:\Users\USER-PC\AppData\Local\atom\bin;C:\Users\USER-PC\AppData\Roaming\npm;C:\Users\USER-PC\AppData\Local\Microsoft\WindowsApps;;D:\springboot\sts-4.8.0.RELEASE;;."/>
    <property name="java.vm.info" value="mixed mode"/>
    <property name="java.vendor" value="Oracle Corporation"/>
    <property name="java.vm.version" value="14.0.2+12-46"/>
    <property name="sun.io.unicode.encoding" value="UnicodeLittle"/>
    <property name="java.class.version" value="58.0"/>
  </properties>
  <testcase name="contextLoads" classname="passway.technology.paaspay.PaaspayApplicationTests" time="0.709"/>
</testsuite>